#
# A fatal error has been detected by the Java Runtime Environment:
#
#  EXCEPTION_ACCESS_VIOLATION (0xc0000005) at pc=0x3b20219c, pid=1556, tid=3272
#
# JRE version: 6.0_21-b07
# Java VM: Java HotSpot(TM) Client VM (17.0-b17 mixed mode windows-x86 )
# Problematic frame:
# C  [wofjava.dll+0x219c]
#
# If you would like to submit a bug report, please visit:
#   http://java.sun.com/webapps/bugreport/crash.jsp
# The crash happened outside the Java Virtual Machine in native code.
# See problematic frame for where to report the bug.
#

---------------  T H R E A D  ---------------

Current thread (0x3af97400):  JavaThread "AWT-EventQueue-0" [_thread_in_native, id=3272, stack(0x3b2a0000,0x3b2f0000)]

siginfo: ExceptionCode=0xc0000005, reading address 0x00000048

Registers:
EAX=0x00000000, EBX=0x360bd1b8, ECX=0x3dad07c0, EDX=0x3dad2f10
ESP=0x3b2ef540, EBP=0x3b2ef5b0, ESI=0x360bd1b8, EDI=0x3af97400
EIP=0x3b20219c, EFLAGS=0x00010297

Top of Stack: (sp=0x3b2ef540)
0x3b2ef540:   360bd1b8 3b20128a 3dad07c0 000003eb
0x3b2ef550:   00000000 00000000 3b201059 3dad07c0
0x3b2ef560:   000003eb 00000000 00000000 00969f47
0x3b2ef570:   3af97518 3b2ef5d0 3dad07c0 000003eb
0x3b2ef580:   00000000 00000000 3af94f60 3af94f64
0x3b2ef590:   3b2ef590 00000000 3b2ef5d0 360bd510
0x3b2ef5a0:   00000000 360bd1b8 00000000 3b2ef5c0
0x3b2ef5b0:   3b2ef5f4 00962f07 00000000 00968286 

Instructions: (pc=0x3b20219c)
0x3b20218c:   40 04 c3 8b 4c 24 08 8b 51 04 8b 82 d4 00 00 00
0x3b20219c:   8b 48 48 eb 65 8b 54 24 08 8b 4c 24 10 8b 42 04 


Stack: [0x3b2a0000,0x3b2f0000],  sp=0x3b2ef540,  free space=13d3b2ef074k
Native frames: (J=compiled Java code, j=interpreted, Vv=VM code, C=native code)
C  [wofjava.dll+0x219c]
j  cn.edu.thss.iise.beehivez.server.util.WoflanAnalysisResult.isLive()Z+17
j  cn.edu.thss.iise.beehivez.server.util.WoflanAnalysisResult.isSoundWorkflowNet()Z+10
j  cn.edu.thss.iise.beehivez.client.ui.modelrefactoring.ModelRefactoringUI$2.actionPerformed(Ljava/awt/event/ActionEvent;)V+87
j  javax.swing.AbstractButton.fireActionPerformed(Ljava/awt/event/ActionEvent;)V+84
j  javax.swing.AbstractButton$Handler.actionPerformed(Ljava/awt/event/ActionEvent;)V+5
j  javax.swing.DefaultButtonModel.fireActionPerformed(Ljava/awt/event/ActionEvent;)V+35
j  javax.swing.DefaultButtonModel.setPressed(Z)V+117
j  javax.swing.plaf.basic.BasicButtonListener.mouseReleased(Ljava/awt/event/MouseEvent;)V+35
j  java.awt.Component.processMouseEvent(Ljava/awt/event/MouseEvent;)V+64
j  javax.swing.JComponent.processMouseEvent(Ljava/awt/event/MouseEvent;)V+23
j  java.awt.Component.processEvent(Ljava/awt/AWTEvent;)V+81
j  java.awt.Container.processEvent(Ljava/awt/AWTEvent;)V+18
j  java.awt.Component.dispatchEventImpl(Ljava/awt/AWTEvent;)V+566
J  java.awt.Container.dispatchEventImpl(Ljava/awt/AWTEvent;)V
J  java.awt.LightweightDispatcher.retargetMouseEvent(Ljava/awt/Component;ILjava/awt/event/MouseEvent;)V
j  java.awt.LightweightDispatcher.processMouseEvent(Ljava/awt/event/MouseEvent;)Z+139
j  java.awt.LightweightDispatcher.dispatchEvent(Ljava/awt/AWTEvent;)Z+50
J  java.awt.Container.dispatchEventImpl(Ljava/awt/AWTEvent;)V
j  java.awt.Window.dispatchEventImpl(Ljava/awt/AWTEvent;)V+19
J  java.awt.EventQueue.dispatchEvent(Ljava/awt/AWTEvent;)V
J  java.awt.EventDispatchThread.pumpOneEventForFilters(I)Z
j  java.awt.EventDispatchThread.pumpEventsForFilter(ILjava/awt/Conditional;Ljava/awt/EventFilter;)V+30
j  java.awt.EventDispatchThread.pumpEventsForHierarchy(ILjava/awt/Conditional;Ljava/awt/Component;)V+11
j  java.awt.EventDispatchThread.pumpEvents(ILjava/awt/Conditional;)V+4
j  java.awt.EventDispatchThread.pumpEvents(Ljava/awt/Conditional;)V+3
j  java.awt.EventDispatchThread.run()V+9
v  ~StubRoutines::call_stub
V  [jvm.dll+0xf3abc]
V  [jvm.dll+0x1865b1]
V  [jvm.dll+0xf3c87]
V  [jvm.dll+0xf3cfd]
V  [jvm.dll+0x11dac0]
V  [jvm.dll+0x1e6fb4]
V  [jvm.dll+0x185f5c]
C  [msvcr71.dll+0x9565]
C  [kernel32.dll+0xb729]

Java frames: (J=compiled Java code, j=interpreted, Vv=VM code)
j  org.processmining.framework.models.petrinet.algorithms.Woflan.Info(IIII)Ljava/lang/String;+0
j  cn.edu.thss.iise.beehivez.server.util.WoflanAnalysisResult.isLive()Z+17
j  cn.edu.thss.iise.beehivez.server.util.WoflanAnalysisResult.isSoundWorkflowNet()Z+10
j  cn.edu.thss.iise.beehivez.client.ui.modelrefactoring.ModelRefactoringUI$2.actionPerformed(Ljava/awt/event/ActionEvent;)V+87
j  javax.swing.AbstractButton.fireActionPerformed(Ljava/awt/event/ActionEvent;)V+84
j  javax.swing.AbstractButton$Handler.actionPerformed(Ljava/awt/event/ActionEvent;)V+5
j  javax.swing.DefaultButtonModel.fireActionPerformed(Ljava/awt/event/ActionEvent;)V+35
j  javax.swing.DefaultButtonModel.setPressed(Z)V+117
j  javax.swing.plaf.basic.BasicButtonListener.mouseReleased(Ljava/awt/event/MouseEvent;)V+35
j  java.awt.Component.processMouseEvent(Ljava/awt/event/MouseEvent;)V+64
j  javax.swing.JComponent.processMouseEvent(Ljava/awt/event/MouseEvent;)V+23
j  java.awt.Component.processEvent(Ljava/awt/AWTEvent;)V+81
j  java.awt.Container.processEvent(Ljava/awt/AWTEvent;)V+18
j  java.awt.Component.dispatchEventImpl(Ljava/awt/AWTEvent;)V+566
J  java.awt.Container.dispatchEventImpl(Ljava/awt/AWTEvent;)V
J  java.awt.LightweightDispatcher.retargetMouseEvent(Ljava/awt/Component;ILjava/awt/event/MouseEvent;)V
j  java.awt.LightweightDispatcher.processMouseEvent(Ljava/awt/event/MouseEvent;)Z+139
j  java.awt.LightweightDispatcher.dispatchEvent(Ljava/awt/AWTEvent;)Z+50
J  java.awt.Container.dispatchEventImpl(Ljava/awt/AWTEvent;)V
j  java.awt.Window.dispatchEventImpl(Ljava/awt/AWTEvent;)V+19
J  java.awt.EventQueue.dispatchEvent(Ljava/awt/AWTEvent;)V
J  java.awt.EventDispatchThread.pumpOneEventForFilters(I)Z
j  java.awt.EventDispatchThread.pumpEventsForFilter(ILjava/awt/Conditional;Ljava/awt/EventFilter;)V+30
j  java.awt.EventDispatchThread.pumpEventsForHierarchy(ILjava/awt/Conditional;Ljava/awt/Component;)V+11
j  java.awt.EventDispatchThread.pumpEvents(ILjava/awt/Conditional;)V+4
j  java.awt.EventDispatchThread.pumpEvents(Ljava/awt/Conditional;)V+3
j  java.awt.EventDispatchThread.run()V+9
v  ~StubRoutines::call_stub

---------------  P R O C E S S  ---------------

Java Threads: ( => current thread )
  0x00847c00 JavaThread "DestroyJavaVM" [_thread_blocked, id=2740, stack(0x008e0000,0x00930000)]
  0x3b725800 JavaThread "derby.rawStoreDaemon" daemon [_thread_blocked, id=3500, stack(0x3b330000,0x3b380000)]
  0x3b69d800 JavaThread "Timer-0" daemon [_thread_blocked, id=3392, stack(0x3cbc0000,0x3cc10000)]
  0x3b65ac00 JavaThread "derby.antiGC" daemon [_thread_blocked, id=720, stack(0x3cb40000,0x3cb90000)]
  0x3b5f3c00 JavaThread "Swing-Shell" daemon [_thread_blocked, id=2804, stack(0x3b970000,0x3b9c0000)]
  0x3b5e6800 JavaThread "TimerQueue" daemon [_thread_blocked, id=772, stack(0x3b890000,0x3b8e0000)]
=>0x3af97400 JavaThread "AWT-EventQueue-0" [_thread_in_native, id=3272, stack(0x3b2a0000,0x3b2f0000)]
  0x3ae70400 JavaThread "AWT-Windows" daemon [_thread_in_native, id=3828, stack(0x3b140000,0x3b190000)]
  0x3abb8400 JavaThread "AWT-Shutdown" [_thread_blocked, id=2472, stack(0x3b0f0000,0x3b140000)]
  0x3abd5c00 JavaThread "Java2D Disposer" daemon [_thread_blocked, id=3180, stack(0x3b0a0000,0x3b0f0000)]
  0x3ab78000 JavaThread "Low Memory Detector" daemon [_thread_blocked, id=2172, stack(0x3adc0000,0x3ae10000)]
  0x3ab71800 JavaThread "CompilerThread0" daemon [_thread_blocked, id=2760, stack(0x3ad70000,0x3adc0000)]
  0x3ab70400 JavaThread "Attach Listener" daemon [_thread_blocked, id=2836, stack(0x3ad20000,0x3ad70000)]
  0x3ab83c00 JavaThread "Signal Dispatcher" daemon [_thread_blocked, id=944, stack(0x3acd0000,0x3ad20000)]
  0x3ab59400 JavaThread "Finalizer" daemon [_thread_blocked, id=168, stack(0x3ac80000,0x3acd0000)]
  0x3ab54800 JavaThread "Reference Handler" daemon [_thread_blocked, id=3808, stack(0x3ac30000,0x3ac80000)]

Other Threads:
  0x3ab52000 VMThread [stack: 0x3abe0000,0x3ac30000] [id=3588]
  0x3ab82800 WatcherThread [stack: 0x3ae10000,0x3ae60000] [id=4040]

VM state:not at safepoint (normal execution)

VM Mutex/Monitor currently owned by a thread: None

Heap
 def new generation   total 245760K, used 37531K [0x029e0000, 0x13480000, 0x13480000)
  eden space 218496K,  17% used [0x029e0000, 0x04e86e40, 0x0ff40000)
  from space 27264K,   0% used [0x0ff40000, 0x0ff40000, 0x119e0000)
  to   space 27264K,   0% used [0x119e0000, 0x119e0000, 0x13480000)
 tenured generation   total 546176K, used 8223K [0x13480000, 0x349e0000, 0x349e0000)
   the space 546176K,   1% used [0x13480000, 0x13c87c98, 0x13c87e00, 0x349e0000)
 compacting perm gen  total 23552K, used 23423K [0x349e0000, 0x360e0000, 0x389e0000)
   the space 23552K,  99% used [0x349e0000, 0x360bfee8, 0x360c0000, 0x360e0000)
No shared spaces configured.

Dynamic libraries:
0x00400000 - 0x00424000 	D:\Program Files\Java\jdk1.6.0_21\bin\javaw.exe
0x7c920000 - 0x7c9b6000 	C:\WINDOWS\system32\ntdll.dll
0x7c800000 - 0x7c91e000 	C:\WINDOWS\system32\kernel32.dll
0x77da0000 - 0x77e49000 	C:\WINDOWS\system32\ADVAPI32.dll
0x77e50000 - 0x77ee3000 	C:\WINDOWS\system32\RPCRT4.dll
0x77fc0000 - 0x77fd1000 	C:\WINDOWS\system32\Secur32.dll
0x77d10000 - 0x77da0000 	C:\WINDOWS\system32\USER32.dll
0x77ef0000 - 0x77f39000 	C:\WINDOWS\system32\GDI32.dll
0x76300000 - 0x7631d000 	C:\WINDOWS\system32\IMM32.DLL
0x62c20000 - 0x62c29000 	C:\WINDOWS\system32\LPK.DLL
0x73fa0000 - 0x7400b000 	C:\WINDOWS\system32\USP10.dll
0x7c340000 - 0x7c396000 	D:\Program Files\Java\jdk1.6.0_21\jre\bin\msvcr71.dll
0x6d8b0000 - 0x6db57000 	D:\Program Files\Java\jdk1.6.0_21\jre\bin\client\jvm.dll
0x76b10000 - 0x76b3a000 	C:\WINDOWS\system32\WINMM.dll
0x6d860000 - 0x6d86c000 	D:\Program Files\Java\jdk1.6.0_21\jre\bin\verify.dll
0x6d3e0000 - 0x6d3ff000 	D:\Program Files\Java\jdk1.6.0_21\jre\bin\java.dll
0x6d340000 - 0x6d348000 	D:\Program Files\Java\jdk1.6.0_21\jre\bin\hpi.dll
0x76bc0000 - 0x76bcb000 	C:\WINDOWS\system32\PSAPI.DLL
0x6d8a0000 - 0x6d8af000 	D:\Program Files\Java\jdk1.6.0_21\jre\bin\zip.dll
0x6d0b0000 - 0x6d1fa000 	D:\Program Files\Java\jdk1.6.0_21\jre\bin\awt.dll
0x72f70000 - 0x72f96000 	C:\WINDOWS\system32\WINSPOOL.DRV
0x77be0000 - 0x77c38000 	C:\WINDOWS\system32\msvcrt.dll
0x76990000 - 0x76ace000 	C:\WINDOWS\system32\ole32.dll
0x77180000 - 0x77283000 	C:\WINDOWS\WinSxS\x86_Microsoft.Windows.Common-Controls_6595b64144ccf1df_6.0.2600.6028_x-ww_61e65202\COMCTL32.dll
0x77f40000 - 0x77fb6000 	C:\WINDOWS\system32\SHLWAPI.dll
0x74680000 - 0x746cc000 	C:\WINDOWS\system32\MSCTF.dll
0x3b1d0000 - 0x3b1e4000 	D:\Program Files\Rising\AntiSpyware\RegCall.dll
0x73640000 - 0x7366e000 	C:\WINDOWS\system32\msctfime.ime
0x7d590000 - 0x7dd84000 	C:\WINDOWS\system32\shell32.dll
0x6d2e0000 - 0x6d334000 	D:\Program Files\Java\jdk1.6.0_21\jre\bin\fontmanager.dll
0x5adc0000 - 0x5adf7000 	C:\WINDOWS\system32\UxTheme.dll
0x6d250000 - 0x6d273000 	D:\Program Files\Java\jdk1.6.0_21\jre\bin\dcpr.dll
0x6d6c0000 - 0x6d6d3000 	D:\Program Files\Java\jdk1.6.0_21\jre\bin\net.dll
0x71a20000 - 0x71a37000 	C:\WINDOWS\system32\WS2_32.dll
0x71a10000 - 0x71a18000 	C:\WINDOWS\system32\WS2HELP.dll
0x6d6e0000 - 0x6d6e9000 	D:\Program Files\Java\jdk1.6.0_21\jre\bin\nio.dll
0x5fdd0000 - 0x5fe25000 	C:\WINDOWS\system32\netapi32.dll
0x759d0000 - 0x75a7f000 	C:\WINDOWS\system32\USERENV.dll
0x71a90000 - 0x71aa2000 	C:\WINDOWS\system32\MPR.dll
0x75ed0000 - 0x75ed7000 	C:\WINDOWS\System32\drprov.dll
0x71b90000 - 0x71b9e000 	C:\WINDOWS\System32\ntlanman.dll
0x71c50000 - 0x71c65000 	C:\WINDOWS\System32\NETUI0.dll
0x71c10000 - 0x71c50000 	C:\WINDOWS\System32\NETUI1.dll
0x71c00000 - 0x71c07000 	C:\WINDOWS\System32\NETRAP.dll
0x71b70000 - 0x71b83000 	C:\WINDOWS\System32\SAMLIB.dll
0x75ee0000 - 0x75eea000 	C:\WINDOWS\System32\davclnt.dll
0x76060000 - 0x761b6000 	C:\WINDOWS\system32\SETUPAPI.dll
0x76d70000 - 0x76d92000 	C:\WINDOWS\system32\appHelp.dll
0x76fa0000 - 0x7701f000 	C:\WINDOWS\system32\CLBCATQ.DLL
0x77020000 - 0x770ba000 	C:\WINDOWS\system32\COMRes.dll
0x770f0000 - 0x7717b000 	C:\WINDOWS\system32\OLEAUT32.dll
0x77bd0000 - 0x77bd8000 	C:\WINDOWS\system32\VERSION.dll
0x3ba00000 - 0x3bc7e000 	C:\WINDOWS\system32\wpdshext.dll
0x4ae90000 - 0x4b03b000 	C:\WINDOWS\WinSxS\x86_Microsoft.Windows.GdiPlus_6595b64144ccf1df_1.0.6002.22791_x-ww_c8dff154\gdiplus.dll
0x3bdd0000 - 0x3be19000 	C:\WINDOWS\system32\PortableDeviceApi.dll
0x76c00000 - 0x76c2e000 	C:\WINDOWS\system32\WINTRUST.dll
0x765e0000 - 0x76673000 	C:\WINDOWS\system32\CRYPT32.dll
0x76db0000 - 0x76dc2000 	C:\WINDOWS\system32\MSASN1.dll
0x76c60000 - 0x76c88000 	C:\WINDOWS\system32\IMAGEHLP.dll
0x73ce0000 - 0x73cf3000 	C:\WINDOWS\system32\shgina.dll
0x758d0000 - 0x759c1000 	C:\WINDOWS\system32\MSGINA.dll
0x73540000 - 0x7357d000 	C:\WINDOWS\system32\ODBC32.dll
0x76320000 - 0x76367000 	C:\WINDOWS\system32\comdlg32.dll
0x762d0000 - 0x762e0000 	C:\WINDOWS\system32\WINSTA.dll
0x3b9d0000 - 0x3b9e7000 	C:\WINDOWS\system32\odbcint.dll
0x3c060000 - 0x3c0a6000 	C:\WINDOWS\system32\Audiodev.dll
0x3c0b0000 - 0x3c30d000 	C:\WINDOWS\system32\WMVCore.DLL
0x3c310000 - 0x3c34a000 	C:\WINDOWS\system32\WMASF.DLL
0x416c0000 - 0x416d1000 	C:\WINDOWS\system32\twext.dll
0x77c90000 - 0x77cc2000 	C:\WINDOWS\system32\ACTIVEDS.dll
0x76de0000 - 0x76e05000 	C:\WINDOWS\system32\adsldpc.dll
0x76f30000 - 0x76f5c000 	C:\WINDOWS\system32\WLDAP32.dll
0x76af0000 - 0x76b01000 	C:\WINDOWS\system32\ATL.DLL
0x49090000 - 0x49185000 	C:\Program Files\Common Files\Microsoft Shared\Web Folders\MSONSEXT.DLL
0x43ce0000 - 0x43e13000 	C:\WINDOWS\system32\urlmon.dll
0x3eab0000 - 0x3ec9b000 	C:\WINDOWS\system32\iertutil.dll
0x767f0000 - 0x76805000 	C:\WINDOWS\system32\hlink.dll
0x3fde0000 - 0x40221000 	C:\WINDOWS\system32\msi.dll
0x3e410000 - 0x3e4f6000 	C:\WINDOWS\system32\WININET.dll
0x3c350000 - 0x3c359000 	C:\WINDOWS\system32\Normaliz.dll
0x3c7e0000 - 0x3c7f8000 	C:\Program Files\Common Files\TortoiseOverlays\TortoiseOverlays.dll
0x3c8a0000 - 0x3c8ae000 	D:\Program Files\TortoiseSVN\bin\TortoiseStub.dll
0x3c8d0000 - 0x3c99a000 	D:\Program Files\TortoiseSVN\bin\TortoiseSVN.dll
0x76750000 - 0x76759000 	C:\WINDOWS\system32\SHFOLDER.dll
0x6eec0000 - 0x6eee2000 	D:\Program Files\TortoiseSVN\bin\libapr_tsvn.dll
0x719c0000 - 0x719fe000 	C:\WINDOWS\system32\MSWSOCK.dll
0x78520000 - 0x785c3000 	C:\WINDOWS\WinSxS\x86_Microsoft.VC90.CRT_1fc8b3b9a1e18e3b_9.0.30729.6161_x-ww_31a54e43\MSVCR90.dll
0x6ee60000 - 0x6ee8f000 	D:\Program Files\TortoiseSVN\bin\libaprutil_tsvn.dll
0x3c9c0000 - 0x3c9d2000 	D:\Program Files\TortoiseSVN\bin\intl3_tsvn.dll
0x78480000 - 0x7850e000 	C:\WINDOWS\WinSxS\x86_Microsoft.VC90.CRT_1fc8b3b9a1e18e3b_9.0.30729.6161_x-ww_31a54e43\MSVCP90.dll
0x76590000 - 0x765de000 	C:\WINDOWS\System32\cscui.dll
0x76570000 - 0x7658c000 	C:\WINDOWS\System32\CSCDLL.dll
0x6d610000 - 0x6d619000 	D:\Program Files\Java\jdk1.6.0_21\jre\bin\management.dll
0x76ef0000 - 0x76f17000 	C:\WINDOWS\system32\DNSAPI.dll
0x76d30000 - 0x76d48000 	C:\WINDOWS\system32\iphlpapi.dll
0x76f80000 - 0x76f88000 	C:\WINDOWS\System32\winrnr.dll
0x76f90000 - 0x76f96000 	C:\WINDOWS\system32\rasadhlp.dll
0x6d500000 - 0x6d524000 	D:\Program Files\Java\jdk1.6.0_21\jre\bin\jpeg.dll
0x3d430000 - 0x3d979000 	C:\WINDOWS\system32\xpsp2res.dll
0x3d980000 - 0x3d9db000 	C:\Program Files\Common Files\Adobe\Acrobat\ActiveX\PDFShell.dll
0x78130000 - 0x781cb000 	C:\WINDOWS\WinSxS\x86_Microsoft.VC80.CRT_1fc8b3b9a1e18e3b_8.0.50727.4053_x-ww_e6967989\MSVCR80.dll
0x76950000 - 0x76958000 	C:\WINDOWS\system32\LINKINFO.dll
0x76960000 - 0x76984000 	C:\WINDOWS\system32\ntshrui.dll
0x68000000 - 0x68036000 	C:\WINDOWS\system32\rsaenh.dll
0x3b200000 - 0x3b220000 	E:\workspace\BeehiveZ3\lib\plugins\wofjava.dll

VM Arguments:
jvm_args: -Xms800M -Xmx800M -Dfile.encoding=UTF-8 
java_command: cn.edu.thss.iise.beehivez.client.BusinessProcessModelManager
Launcher Type: SUN_STANDARD

Environment Variables:
PATH=D:/Program Files/Java/jre6/bin/client;D:/Program Files/Java/jre6/bin;C:\WINDOWS\system32;C:\WINDOWS;C:\WINDOWS\System32\Wbem;C:\Program Files\Common Files\Thunder Network\KanKan\Codecs;d:\CTEX\MiKTeX\miktex\bin;d:\CTEX\CTeX\ctex\bin;d:\CTEX\CTeX\cct\bin;d:\CTEX\CTeX\ty\bin;d:\CTEX\Ghostscript\gs8.70\bin;d:\CTEX\GSview\gsview;d:\CTEX\WinEdt;D:\Program Files\MySQL\MySQL Server 5.1\bin;D:\Program Files\TortoiseSVN\bin
USERNAME=monkey
OS=Windows_NT
PROCESSOR_IDENTIFIER=x86 Family 15 Model 4 Stepping 10, GenuineIntel



---------------  S Y S T E M  ---------------

OS: Windows XP Build 2600 Service Pack 3

CPU:total 2 (1 cores per cpu, 2 threads per core) family 15 model 4 stepping 10, cmov, cx8, fxsr, mmx, sse, sse2, sse3, ht

Memory: 4k page, physical 2088044k(1166260k free), swap 3491616k(1627792k free)

vm_info: Java HotSpot(TM) Client VM (17.0-b17) for windows-x86 JRE (1.6.0_21-b07), built on Jul 17 2010 01:10:15 by "java_re" with MS VC++ 7.1 (VS2003)

time: Sun May 13 17:31:13 2012
elapsed time: 31 seconds

